2025-10-08 13:49:50,535 [INFO] werkzeug:97 - 127.0.0.1 - - [08/Oct/2025 13:49:50] "[32mPOST /api HTTP/1.1[0m" 308 -
2025-10-08 13:49:51,364 [INFO] flask_app:67 - Processing image 1/1
2025-10-08 13:49:55,357 [INFO] flask_app:106 - Uploading image https://res.cloudinary.com/dhxbmi5i5/image/upload/v1759927794/depth_maps/depth_map_431e808abc0f46eab23c66f06155da11.png
2025-10-08 13:49:56,047 [INFO] flask_app:26 - Transformed and uploaded depth image cmgdjdxp40000fbjwc8wl9vz9
2025-10-08 13:49:56,049 [INFO] werkzeug:97 - 127.0.0.1 - - [08/Oct/2025 13:49:56] "POST /api/ HTTP/1.1" 200 -
2025-10-08 14:02:31,654 [INFO] werkzeug:97 - [31m[1mWARNING: This is a development server. Do not use it in a production deployment. Use a production WSGI server instead.[0m
 * Running on all addresses (0.0.0.0)
 * Running on http://127.0.0.1:8000
 * Running on http://10.83.13.139:8000
2025-10-08 14:02:31,655 [INFO] werkzeug:97 - [33mPress CTRL+C to quit[0m
2025-10-08 14:02:46,026 [ERROR] app:838 - Exception on /api/glb [POST]
Traceback (most recent call last):
  File "C:\Users\nwike\.virtualenvs\backend-QqJohv7O\Lib\site-packages\flask\app.py", line 1473, in wsgi_app
    response = self.full_dispatch_request()
               ^^^^^^^^^^^^^^^^^^^^^^^^^^^^
  File "C:\Users\nwike\.virtualenvs\backend-QqJohv7O\Lib\site-packages\flask\app.py", line 882, in full_dispatch_request
    rv = self.handle_user_exception(e)
         ^^^^^^^^^^^^^^^^^^^^^^^^^^^^^
  File "C:\Users\nwike\.virtualenvs\backend-QqJohv7O\Lib\site-packages\flask_cors\extension.py", line 176, in wrapped_function
    return cors_after_request(app.make_response(f(*args, **kwargs)))
                                                ^^^^^^^^^^^^^^^^^^
  File "C:\Users\nwike\.virtualenvs\backend-QqJohv7O\Lib\site-packages\flask\app.py", line 880, in full_dispatch_request
    rv = self.dispatch_request()
         ^^^^^^^^^^^^^^^^^^^^^^^
  File "C:\Users\nwike\.virtualenvs\backend-QqJohv7O\Lib\site-packages\flask\app.py", line 865, in dispatch_request
    return self.ensure_sync(self.view_functions[rule.endpoint])(**view_args)  # type: ignore[no-any-return]
           ^^^^^^^^^^^^^^^^^^^^^^^^^^^^^^^^^^^^^^^^^^^^^^^^^^^^^^^^^^^^^^^^^
  File "C:\Users\nwike\fitter\transformer\app.py", line 32, in generate_glb
    image = ImageHandler(data['image_urls'], data['id'])
                         ^^^^
NameError: name 'data' is not defined
2025-10-08 14:02:46,034 [INFO] werkzeug:97 - 127.0.0.1 - - [08/Oct/2025 14:02:46] "[35m[1mPOST /api/glb HTTP/1.1[0m" 500 -
2025-10-08 14:04:10,429 [ERROR] app:838 - Exception on /api/glb [POST]
Traceback (most recent call last):
  File "C:\Users\nwike\.virtualenvs\backend-QqJohv7O\Lib\site-packages\flask\app.py", line 1473, in wsgi_app
    response = self.full_dispatch_request()
               ^^^^^^^^^^^^^^^^^^^^^^^^^^^^
  File "C:\Users\nwike\.virtualenvs\backend-QqJohv7O\Lib\site-packages\flask\app.py", line 882, in full_dispatch_request
    rv = self.handle_user_exception(e)
         ^^^^^^^^^^^^^^^^^^^^^^^^^^^^^
  File "C:\Users\nwike\.virtualenvs\backend-QqJohv7O\Lib\site-packages\flask_cors\extension.py", line 176, in wrapped_function
    return cors_after_request(app.make_response(f(*args, **kwargs)))
                                                ^^^^^^^^^^^^^^^^^^
  File "C:\Users\nwike\.virtualenvs\backend-QqJohv7O\Lib\site-packages\flask\app.py", line 880, in full_dispatch_request
    rv = self.dispatch_request()
         ^^^^^^^^^^^^^^^^^^^^^^^
  File "C:\Users\nwike\.virtualenvs\backend-QqJohv7O\Lib\site-packages\flask\app.py", line 865, in dispatch_request
    return self.ensure_sync(self.view_functions[rule.endpoint])(**view_args)  # type: ignore[no-any-return]
           ^^^^^^^^^^^^^^^^^^^^^^^^^^^^^^^^^^^^^^^^^^^^^^^^^^^^^^^^^^^^^^^^^
  File "C:\Users\nwike\fitter\transformer\app.py", line 32, in generate_glb
    data = request.get_json()
                         ^^^^
NameError: name 'data' is not defined
2025-10-08 14:04:10,455 [INFO] werkzeug:97 - 127.0.0.1 - - [08/Oct/2025 14:04:10] "[35m[1mPOST /api/glb HTTP/1.1[0m" 500 -
2025-10-08 14:04:30,626 [INFO] werkzeug:97 - [31m[1mWARNING: This is a development server. Do not use it in a production deployment. Use a production WSGI server instead.[0m
 * Running on all addresses (0.0.0.0)
 * Running on http://127.0.0.1:8000
 * Running on http://10.83.13.139:8000
2025-10-08 14:04:30,626 [INFO] werkzeug:97 - [33mPress CTRL+C to quit[0m
2025-10-08 14:04:40,807 [INFO] flask_app:117 - <module 'TripoSR.tsr' (namespace) from ['C:\\Users\\nwike\\fitter\\transformer\\TripoSR\\tsr']>
2025-10-08 14:04:40,809 [INFO] werkzeug:97 - 127.0.0.1 - - [08/Oct/2025 14:04:40] "POST /api/glb HTTP/1.1" 200 -
